<?xml version="1.0" encoding="UTF-8" ?>
<testsuite tests="4" failures="4" name="ua.lviv.iot.dwelling.manager.DwellingManagerUtilsTest" time="0.002" errors="0" skipped="0">
  <properties>
[...]
</properties>
  <testcase classname="ua.lviv.iot.dwelling.manager.DwellingManagerUtilsTest" name="ua.lviv.iot.dwelling.manager.DwellingManagerUtilsTest.testSortingAscendingByPrice" time="0.002">
    <failure type="java.lang.NullPointerException">java.lang.NullPointerException
	at ua.lviv.iot.dwelling.manager.DwellingManagerUtilsTest.testSortingAscendingByPrice(DwellingManagerUtilsTest.java:47)
</failure>
  </testcase>
  <testcase classname="ua.lviv.iot.dwelling.manager.DwellingManagerUtilsTest" name="ua.lviv.iot.dwelling.manager.DwellingManagerUtilsTest.testSortingAscendingBySquare" time="0">
    <failure type="java.lang.NullPointerException">java.lang.NullPointerException
	at ua.lviv.iot.dwelling.manager.DwellingManagerUtilsTest.testSortingAscendingBySquare(DwellingManagerUtilsTest.java:29)
</failure>
  </testcase>
  <testcase classname="ua.lviv.iot.dwelling.manager.DwellingManagerUtilsTest" name="ua.lviv.iot.dwelling.manager.DwellingManagerUtilsTest.testSortingDescendingByPrice" time="0">
    <failure type="java.lang.NullPointerException">java.lang.NullPointerException
	at ua.lviv.iot.dwelling.manager.DwellingManagerUtilsTest.testSortingDescendingByPrice(DwellingManagerUtilsTest.java:38)
</failure>
  </testcase>
  <testcase classname="ua.lviv.iot.dwelling.manager.DwellingManagerUtilsTest" name="ua.lviv.iot.dwelling.manager.DwellingManagerUtilsTest.testSortingDescendingBySquare" time="0">
    <failure type="java.lang.NullPointerException">java.lang.NullPointerException
	at ua.lviv.iot.dwelling.manager.DwellingManagerUtilsTest.testSortingDescendingBySquare(DwellingManagerUtilsTest.java:20)
</failure>
  </testcase>
</testsuite>