-------------------------------------------------------------------------------
Test set: ua.lviv.iot.dwelling.manager.DwellingManagerUtilsTest
-------------------------------------------------------------------------------
Tests run: 4, Failures: 4, Errors: 0, Skipped: 0, Time elapsed: 0.004 sec <<< FAILURE!
ua.lviv.iot.dwelling.manager.DwellingManagerUtilsTest.testSortingAscendingByPrice()  Time elapsed: 0.002 sec  <<< FAILURE!
java.lang.NullPointerException
	at ua.lviv.iot.dwelling.manager.DwellingManagerUtilsTest.testSortingAscendingByPrice(DwellingManagerUtilsTest.java:47)

ua.lviv.iot.dwelling.manager.DwellingManagerUtilsTest.testSortingAscendingBySquare()  Time elapsed: 0 sec  <<< FAILURE!
java.lang.NullPointerException
	at ua.lviv.iot.dwelling.manager.DwellingManagerUtilsTest.testSortingAscendingBySquare(DwellingManagerUtilsTest.java:29)

ua.lviv.iot.dwelling.manager.DwellingManagerUtilsTest.testSortingDescendingByPrice()  Time elapsed: 0 sec  <<< FAILURE!
java.lang.NullPointerException
	at ua.lviv.iot.dwelling.manager.DwellingManagerUtilsTest.testSortingDescendingByPrice(DwellingManagerUtilsTest.java:38)

ua.lviv.iot.dwelling.manager.DwellingManagerUtilsTest.testSortingDescendingBySquare()  Time elapsed: 0 sec  <<< FAILURE!
java.lang.NullPointerException
	at ua.lviv.iot.dwelling.manager.DwellingManagerUtilsTest.testSortingDescendingBySquare(DwellingManagerUtilsTest.java:20)

